<?xml version="1.0" encoding="UTF-8"?>
<testsuite xmlns:xsi="http://www.w3.org/2001/XMLSchema-instance" xsi:noNamespaceSchemaLocation="https://maven.apache.org/surefire/maven-surefire-plugin/xsd/surefire-test-report.xsd" name="com.hencris.app.AppTest" time="0.226" tests="5" errors="0" skipped="0" failures="0">
  <properties>
[...]
</properties>
  <testcase name="ListarNegociosTest" classname="com.hencris.app.AppTest" time="0.001"/>
  <testcase name="obtenerUnoNegociosTest" classname="com.hencris.app.AppTest" time="0"/>
  <testcase name="actualizarNegociosTest" classname="com.hencris.app.AppTest" time="0.029"/>
  <testcase name="registrarNegociosTest" classname="com.hencris.app.AppTest" time="0.015"/>
  <testcase name="EliminarNegociosTest" classname="com.hencris.app.AppTest" time="0"/>
</testsuite>